<?xml version="1.0" encoding="UTF-8"?>
<!-- Generated by org.testng.reporters.JUnitReportReporter -->
<testsuite skipped="0" hostname="Navinkumar_Singh_Laptop" name="Maven.Base" tests="1" failures="0" timestamp="14 Aug 2019 18:31:55 GMT" time="0.005" errors="0">
  <testcase name="initialiseBrowser" time="0.005" classname="Maven.Base"/>
</testsuite> <!-- Maven.Base -->
