<?xml version="1.0" encoding="UTF-8"?>
<!-- Generated by org.testng.reporters.JUnitReportReporter -->
<testsuite hostname="Navinkumar_Singh_Laptop" name="Maven.HomePage" tests="2" failures="0" timestamp="16 Aug 2019 20:38:40 GMT" time="14.546" errors="0">
  <testcase name="pageNavigation" time="4.958" classname="Maven.HomePage"/>
  <testcase name="pageNavigation" time="9.588" classname="Maven.HomePage"/>
</testsuite> <!-- Maven.HomePage -->
