<?xml version="1.0" encoding="UTF-8"?>
<!-- Generated by org.testng.reporters.JUnitReportReporter -->
<testsuite hostname="Navinkumar_Singh_Laptop" name="Maven.ValidateNavigationBar" tests="1" failures="0" timestamp="16 Aug 2019 20:28:39 GMT" time="0.061" errors="0">
  <testcase name="pageNavigation" time="0.061" classname="Maven.ValidateNavigationBar"/>
</testsuite> <!-- Maven.ValidateNavigationBar -->
